
  .   ____          _            __ _ _
 /\\ / ___'_ __ _ _(_)_ __  __ _ \ \ \ \
( ( )\___ | '_ | '_| | '_ \/ _` | \ \ \ \
 \\/  ___)| |_)| | | | | || (_| |  ) ) ) )
  '  |____| .__|_| |_|_| |_\__, | / / / /
 =========|_|==============|___/=/_/_/_/

 :: Spring Boot ::                (v4.1.0)

2026-07-15T15:14:55.858+08:00  INFO 6888 --- [ag] [           main] com.example.AgApplication                : Starting AgApplication using Java 17.0.19 with PID 6888 (D:\code\ag\target\classes started by EDY in D:\code\ag)
2026-07-15T15:14:55.862+08:00  INFO 6888 --- [ag] [           main] com.example.AgApplication                : The following 1 profile is active: "local"
2026-07-15T15:14:56.282+08:00  INFO 6888 --- [ag] [           main] o.s.boot.tomcat.TomcatWebServer          : Tomcat initialized with port 8080 (http)
2026-07-15T15:14:56.290+08:00  INFO 6888 --- [ag] [           main] o.apache.catalina.core.StandardService   : Starting service [Tomcat]
2026-07-15T15:14:56.290+08:00  INFO 6888 --- [ag] [           main] o.apache.catalina.core.StandardEngine    : Starting Servlet engine: [Apache Tomcat/11.0.22]
2026-07-15T15:14:56.315+08:00  INFO 6888 --- [ag] [           main] b.w.c.s.WebApplicationContextInitializer : Root WebApplicationContext: initialization completed in 430 ms
2026-07-15T15:14:56.535+08:00  INFO 6888 --- [ag] [           main] c.e.smoke.service.SmokeTestService       : ??????????: D:\code\ag\storage\smoke-reports
2026-07-15T15:14:56.543+08:00  INFO 6888 --- [ag] [           main] com.example.service.ActionRecognizer     : ActionRecognizer ?????? 77 ?????
2026-07-15T15:14:56.560+08:00  INFO 6888 --- [ag] [           main] o.s.b.w.a.WelcomePageHandlerMapping      : Adding welcome page: class path resource [static/index.html]
2026-07-15T15:14:56.674+08:00  INFO 6888 --- [ag] [           main] o.s.boot.tomcat.TomcatWebServer          : Tomcat started on port 8080 (http) with context path '/'
2026-07-15T15:14:56.678+08:00  INFO 6888 --- [ag] [           main] com.example.AgApplication                : Started AgApplication in 1.038 seconds (process running for 1.209)
[ERROR] Failed to execute goal org.springframework.boot:spring-boot-maven-plugin:4.1.0:run (default-cli) on project ag: Process terminated with exit code: 1 -> [Help 1]
[ERROR] 
[ERROR] To see the full stack trace of the errors, re-run Maven with the -e switch.
[ERROR] Re-run Maven using the -X switch to enable full debug logging.
[ERROR] 
[ERROR] For more information about the errors and possible solutions, please read the following articles:
[ERROR] [Help 1] http://cwiki.apache.org/confluence/display/MAVEN/MojoExecutionException
